#
# There is insufficient memory for the Java Runtime Environment to continue.
# Native memory allocation (malloc) failed to allocate 444976 bytes for Chunk::new
# Possible reasons:
#   The system is out of physical RAM or swap space
#   The process is running with CompressedOops enabled, and the Java Heap may be blocking the growth of the native heap
# Possible solutions:
#   Reduce memory load on the system
#   Increase physical memory or swap space
#   Check if swap backing store is full
#   Decrease Java heap size (-Xmx/-Xms)
#   Decrease number of Java threads
#   Decrease Java thread stack sizes (-Xss)
#   Set larger code cache with -XX:ReservedCodeCacheSize=
#   JVM is running with Unscaled Compressed Oops mode in which the Java heap is
#     placed in the first 4GB address space. The Java Heap base address is the
#     maximum limit for the native heap growth. Please use -XX:HeapBaseMinAddress
#     to set the Java Heap base and to place the Java Heap above 4GB virtual address.
# This output file may be truncated or incomplete.
#
#  Out of Memory Error (allocation.cpp:389), pid=7424, tid=0x00000000000020a8
#
# JRE version: Java(TM) SE Runtime Environment (8.0_251-b08) (build 1.8.0_251-b08)
# Java VM: Java HotSpot(TM) 64-Bit Server VM (25.251-b08 mixed mode windows-amd64 compressed oops)
# Failed to write core dump. Minidumps are not enabled by default on client versions of Windows
#

---------------  T H R E A D  ---------------

Current thread (0x0000000014ece800):  JavaThread "C2 CompilerThread0" daemon [_thread_in_native, id=8360, stack(0x0000000016540000,0x0000000016640000)]

Stack: [0x0000000016540000,0x0000000016640000]
[error occurred during error reporting (printing stack bounds), id 0xc0000005]

Native frames: (J=compiled Java code, j=interpreted, Vv=VM code, C=native code)


Current CompileTask:
C2:   3444 1040 % !   4       sun.awt.image.PNGImageDecoder::produceImage @ 960 (1916 bytes)


---------------  P R O C E S S  ---------------

Java Threads: ( => current thread )
  0x000000001ad15800 JavaThread "TimerQueue" daemon [_thread_blocked, id=5240, stack(0x000000001c030000,0x000000001c130000)]
  0x000000001ac5d000 JavaThread "D3D Screen Updater" daemon [_thread_blocked, id=2904, stack(0x000000001b820000,0x000000001b920000)]
  0x000000001a902000 JavaThread "Image Fetcher 0" daemon [_thread_blocked, id=11880, stack(0x000000001b0e0000,0x000000001b1e0000)]
  0x0000000002b0e000 JavaThread "DestroyJavaVM" [_thread_blocked, id=11792, stack(0x0000000002b10000,0x0000000002c10000)]
  0x0000000016ae3000 JavaThread "AWT-EventQueue-0" [_thread_in_native, id=3936, stack(0x0000000017350000,0x0000000017450000)]
  0x0000000016add800 JavaThread "AWT-Windows" daemon [_thread_in_native, id=8892, stack(0x0000000017190000,0x0000000017290000)]
  0x0000000016adb000 JavaThread "AWT-Shutdown" [_thread_blocked, id=11652, stack(0x0000000017090000,0x0000000017190000)]
  0x0000000016ad9000 JavaThread "Java2D Disposer" daemon [_thread_blocked, id=1328, stack(0x0000000016f90000,0x0000000017090000)]
  0x0000000014f2d800 JavaThread "Service Thread" daemon [_thread_blocked, id=6520, stack(0x0000000016c40000,0x0000000016d40000)]
  0x0000000016748800 JavaThread "C1 CompilerThread2" daemon [_thread_in_native, id=7472, stack(0x0000000016b40000,0x0000000016c40000)]
  0x0000000014f25000 JavaThread "C2 CompilerThread1" daemon [_thread_blocked, id=11448, stack(0x0000000016640000,0x0000000016740000)]
=>0x0000000014ece800 JavaThread "C2 CompilerThread0" daemon [_thread_in_native, id=8360, stack(0x0000000016540000,0x0000000016640000)]
  0x0000000014ecc800 JavaThread "Attach Listener" daemon [_thread_blocked, id=1448, stack(0x0000000016440000,0x0000000016540000)]
  0x0000000014ecb000 JavaThread "Signal Dispatcher" daemon [_thread_blocked, id=11376, stack(0x0000000016340000,0x0000000016440000)]
  0x0000000002d0c800 JavaThread "Finalizer" daemon [_thread_blocked, id=10936, stack(0x0000000016130000,0x0000000016230000)]
  0x0000000002d01800 JavaThread "Reference Handler" daemon [_thread_blocked, id=12056, stack(0x0000000016030000,0x0000000016130000)]

Other Threads:
  0x0000000014e99000 VMThread [stack: 0x0000000015f30000,0x0000000016030000] [id=8196]
  0x0000000016761800 WatcherThread [stack: 0x0000000016d40000,0x0000000016e40000] [id=8300]

VM state:not at safepoint (normal execution)

VM Mutex/Monitor currently owned by a thread: None

heap address: 0x00000000c8a00000, size: 886 MB, Compressed Oops mode: 32-bit
Narrow klass base: 0x0000000000000000, Narrow klass shift: 3
Compressed class space size: 1073741824 Address: 0x0000000100000000

Heap:
 PSYoungGen      total 16896K, used 11649K [0x00000000ed900000, 0x00000000eeb80000, 0x0000000100000000)
  eden space 14848K, 64% used [0x00000000ed900000,0x00000000ee261558,0x00000000ee780000)
  from space 2048K, 99% used [0x00000000ee780000,0x00000000ee97f160,0x00000000ee980000)
  to   space 2048K, 0% used [0x00000000ee980000,0x00000000ee980000,0x00000000eeb80000)
 ParOldGen       total 38400K, used 5835K [0x00000000c8a00000, 0x00000000caf80000, 0x00000000ed900000)
  object space 38400K, 15% used [0x00000000c8a00000,0x00000000c8fb2e10,0x00000000caf80000)
 Metaspace       used 13738K, capacity 14044K, committed 14336K, reserved 1060864K
  class space    used 1893K, capacity 1986K, committed 2048K, reserved 1048576K

Card table byte_map: [0x00000000120d0000,0x0000000012290000] byte_map_base: 0x0000000011a8b000

Marking Bits: (ParMarkBitMap*) 0x0000000050b8af90
 Begin Bits: [0x00000000127c0000, 0x0000000013598000)
 End Bits:   [0x0000000013598000, 0x0000000014370000)

Polling page: 0x00000000012f0000

CodeCache: size=245760Kb used=3919Kb max_used=3919Kb free=241841Kb
 bounds [0x0000000002d10000, 0x00000000030f0000, 0x0000000011d10000]
 total_blobs=1608 nmethods=1088 adapters=433
 compilation: enabled

Compilation events (10 events):
Event: 3.425 Thread 0x0000000016748800 1076       1       sun.java2d.pipe.Region::getLoX (5 bytes)
Event: 3.425 Thread 0x0000000016748800 nmethod 1076 0x00000000030dc550 code [0x00000000030dc6a0, 0x00000000030dc7b0]
Event: 3.428 Thread 0x0000000016748800 1079       3       sun.java2d.pipe.Region::appendSpan (334 bytes)
Event: 3.429 Thread 0x0000000016748800 nmethod 1079 0x00000000030db0d0 code [0x00000000030db2c0, 0x00000000030dbc18]
Event: 3.429 Thread 0x0000000016748800 1081       3       sun.java2d.pipe.Region::endRow (133 bytes)
Event: 3.429 Thread 0x0000000016748800 nmethod 1081 0x00000000030dd750 code [0x00000000030dd8e0, 0x00000000030ddd90]
Event: 3.429 Thread 0x0000000016748800 1083       3       sun.java2d.loops.ProcessPath$ActiveEdgeList::sort (171 bytes)
Event: 3.429 Thread 0x0000000014f25000 1084       4       java.lang.ref.SoftReference::get (29 bytes)
Event: 3.430 Thread 0x0000000016748800 nmethod 1083 0x00000000030de090 code [0x00000000030de240, 0x00000000030de7f0]
Event: 3.430 Thread 0x0000000016748800 1082       3       sun.java2d.pipe.BufferedRenderPipe$BufferedDrawHandler::drawScanline (82 bytes)

GC Heap History (2 events):
Event: 2.237 GC heap before
{Heap before GC invocations=1 (full 0):
 PSYoungGen      total 16896K, used 14848K [0x00000000ed900000, 0x00000000eeb80000, 0x0000000100000000)
  eden space 14848K, 100% used [0x00000000ed900000,0x00000000ee780000,0x00000000ee780000)
  from space 2048K, 0% used [0x00000000ee980000,0x00000000ee980000,0x00000000eeb80000)
  to   space 2048K, 0% used [0x00000000ee780000,0x00000000ee780000,0x00000000ee980000)
 ParOldGen       total 38400K, used 0K [0x00000000c8a00000, 0x00000000caf80000, 0x00000000ed900000)
  object space 38400K, 0% used [0x00000000c8a00000,0x00000000c8a00000,0x00000000caf80000)
 Metaspace       used 10315K, capacity 10546K, committed 10624K, reserved 1058816K
  class space    used 1272K, capacity 1355K, committed 1408K, reserved 1048576K
Event: 2.245 GC heap after
Heap after GC invocations=1 (full 0):
 PSYoungGen      total 16896K, used 2044K [0x00000000ed900000, 0x00000000eeb80000, 0x0000000100000000)
  eden space 14848K, 0% used [0x00000000ed900000,0x00000000ed900000,0x00000000ee780000)
  from space 2048K, 99% used [0x00000000ee780000,0x00000000ee97f160,0x00000000ee980000)
  to   space 2048K, 0% used [0x00000000ee980000,0x00000000ee980000,0x00000000eeb80000)
 ParOldGen       total 38400K, used 5835K [0x00000000c8a00000, 0x00000000caf80000, 0x00000000ed900000)
  object space 38400K, 15% used [0x00000000c8a00000,0x00000000c8fb2e10,0x00000000caf80000)
 Metaspace       used 10315K, capacity 10546K, committed 10624K, reserved 1058816K
  class space    used 1272K, capacity 1355K, committed 1408K, reserved 1048576K
}

Deoptimization events (8 events):
Event: 1.027 Thread 0x000000001a902000 Uncommon trap: reason=unstable_if action=reinterpret pc=0x0000000002f26fbc method=sun.awt.image.PNGImageDecoder.produceImage()V @ 867
Event: 2.262 Thread 0x0000000016ae3000 Uncommon trap: reason=class_check action=maybe_recompile pc=0x0000000002e84be0 method=java.lang.String.equals(Ljava/lang/Object;)Z @ 8
Event: 2.262 Thread 0x0000000016ae3000 Uncommon trap: reason=class_check action=maybe_recompile pc=0x0000000002e84be0 method=java.lang.String.equals(Ljava/lang/Object;)Z @ 8
Event: 2.262 Thread 0x0000000016ae3000 Uncommon trap: reason=class_check action=maybe_recompile pc=0x0000000002e84be0 method=java.lang.String.equals(Ljava/lang/Object;)Z @ 8
Event: 2.949 Thread 0x0000000016ae3000 Uncommon trap: reason=class_check action=maybe_recompile pc=0x0000000002fdc13c method=java.util.HashMap.getNode(ILjava/lang/Object;)Ljava/util/HashMap$Node; @ 126
Event: 2.964 Thread 0x0000000016ae3000 Uncommon trap: reason=class_check action=maybe_recompile pc=0x0000000002fdc13c method=java.util.HashMap.getNode(ILjava/lang/Object;)Ljava/util/HashMap$Node; @ 126
Event: 2.964 Thread 0x0000000016ae3000 Uncommon trap: reason=class_check action=maybe_recompile pc=0x0000000002fdc13c method=java.util.HashMap.getNode(ILjava/lang/Object;)Ljava/util/HashMap$Node; @ 126
Event: 2.965 Thread 0x0000000016ae3000 Uncommon trap: reason=class_check action=maybe_recompile pc=0x0000000002fdc13c method=java.util.HashMap.getNode(ILjava/lang/Object;)Ljava/util/HashMap$Node; @ 126

Classes redefined (0 events):
No events

Internal exceptions (10 events):
Event: 0.060 Thread 0x0000000002b0e000 Exception <a 'java/lang/NoSuchMethodError': Method sun.misc.Unsafe.defineClass(Ljava/lang/String;[BII)Ljava/lang/Class; name or signature does not match> (0x00000000ed907cc0) thrown at [C:\jenkins\workspace\8-2-build-windows-amd64-cygwin\jdk8u251\737\hots
Event: 0.060 Thread 0x0000000002b0e000 Exception <a 'java/lang/NoSuchMethodError': Method sun.misc.Unsafe.prefetchRead(Ljava/lang/Object;J)V name or signature does not match> (0x00000000ed907fa8) thrown at [C:\jenkins\workspace\8-2-build-windows-amd64-cygwin\jdk8u251\737\hotspot\src\share\vm\p
Event: 0.246 Thread 0x0000000002b0e000 Exception <a 'java/security/PrivilegedActionException'> (0x00000000ed97ddc0) thrown at [C:\jenkins\workspace\8-2-build-windows-amd64-cygwin\jdk8u251\737\hotspot\src\share\vm\prims\jvm.cpp, line 1502]
Event: 0.246 Thread 0x0000000002b0e000 Exception <a 'java/security/PrivilegedActionException'> (0x00000000ed97dfd0) thrown at [C:\jenkins\workspace\8-2-build-windows-amd64-cygwin\jdk8u251\737\hotspot\src\share\vm\prims\jvm.cpp, line 1502]
Event: 0.247 Thread 0x0000000002b0e000 Exception <a 'java/security/PrivilegedActionException'> (0x00000000ed981c40) thrown at [C:\jenkins\workspace\8-2-build-windows-amd64-cygwin\jdk8u251\737\hotspot\src\share\vm\prims\jvm.cpp, line 1502]
Event: 0.248 Thread 0x0000000002b0e000 Exception <a 'java/security/PrivilegedActionException'> (0x00000000ed981e50) thrown at [C:\jenkins\workspace\8-2-build-windows-amd64-cygwin\jdk8u251\737\hotspot\src\share\vm\prims\jvm.cpp, line 1502]
Event: 0.269 Thread 0x0000000002b0e000 Exception <a 'java/io/FileNotFoundException'> (0x00000000ed98ea70) thrown at [C:\jenkins\workspace\8-2-build-windows-amd64-cygwin\jdk8u251\737\hotspot\src\share\vm\prims\jni.cpp, line 710]
Event: 0.343 Thread 0x0000000002b0e000 Exception <a 'java/lang/NoSuchFieldError': method resolution failed> (0x00000000edaa98f0) thrown at [C:\jenkins\workspace\8-2-build-windows-amd64-cygwin\jdk8u251\737\hotspot\src\share\vm\prims\methodHandles.cpp, line 1167]
Event: 0.347 Thread 0x0000000002b0e000 Exception <a 'java/lang/NoSuchFieldError': method resolution failed> (0x00000000edab6cc0) thrown at [C:\jenkins\workspace\8-2-build-windows-amd64-cygwin\jdk8u251\737\hotspot\src\share\vm\prims\methodHandles.cpp, line 1167]
Event: 0.491 Thread 0x0000000016ae3000 Exception <a 'java/io/FileNotFoundException'> (0x00000000edbb4748) thrown at [C:\jenkins\workspace\8-2-build-windows-amd64-cygwin\jdk8u251\737\hotspot\src\share\vm\prims\jni.cpp, line 710]

Events (10 events):
Event: 3.426 loading class java/awt/geom/Rectangle2D$Double
Event: 3.426 loading class java/awt/geom/Rectangle2D$Double done
Event: 3.426 loading class sun/java2d/pipe/ShapeSpanIterator
Event: 3.426 loading class sun/java2d/pipe/SpanIterator
Event: 3.426 loading class sun/java2d/pipe/SpanIterator done
Event: 3.426 loading class sun/awt/geom/PathConsumer2D
Event: 3.426 loading class sun/awt/geom/PathConsumer2D done
Event: 3.426 loading class sun/java2d/pipe/ShapeSpanIterator done
Event: 3.428 loading class sun/java2d/pipe/RegionSpanIterator
Event: 3.428 loading class sun/java2d/pipe/RegionSpanIterator done


Dynamic libraries:
0x00007ff648930000 - 0x00007ff648967000 	C:\Program Files\Java\jre1.8.0_251\bin\javaw.exe
0x00007ffee6bb0000 - 0x00007ffee6d81000 	C:\Windows\SYSTEM32\ntdll.dll
0x00007ffee67b0000 - 0x00007ffee685b000 	C:\Windows\System32\KERNEL32.DLL
0x00007ffee3e10000 - 0x00007ffee402d000 	C:\Windows\System32\KERNELBASE.dll
0x00007ffee6860000 - 0x00007ffee6902000 	C:\Windows\System32\ADVAPI32.dll
0x00007ffee6970000 - 0x00007ffee6a0e000 	C:\Windows\System32\msvcrt.dll
0x00007ffee6910000 - 0x00007ffee6969000 	C:\Windows\System32\sechost.dll
0x00007ffee48a0000 - 0x00007ffee49c1000 	C:\Windows\System32\RPCRT4.dll
0x00007ffee61b0000 - 0x00007ffee6315000 	C:\Windows\System32\USER32.dll
0x00007ffee3140000 - 0x00007ffee315e000 	C:\Windows\System32\win32u.dll
0x00007ffee65d0000 - 0x00007ffee6604000 	C:\Windows\System32\GDI32.dll
0x00007ffee3160000 - 0x00007ffee32e2000 	C:\Windows\System32\gdi32full.dll
0x00007ffed60f0000 - 0x00007ffed6369000 	C:\Windows\WinSxS\amd64_microsoft.windows.common-controls_6595b64144ccf1df_6.0.14393.0_none_2d0f50fcbdb171b8\COMCTL32.dll
0x00007ffee49d0000 - 0x00007ffee4c97000 	C:\Windows\System32\combase.dll
0x00007ffee3ca0000 - 0x00007ffee3d95000 	C:\Windows\System32\ucrtbase.dll
0x00007ffee3da0000 - 0x00007ffee3e0a000 	C:\Windows\System32\bcryptPrimitives.dll
0x00007ffee6720000 - 0x00007ffee674e000 	C:\Windows\System32\IMM32.DLL
0x0000000050280000 - 0x0000000050352000 	C:\Program Files\Java\jre1.8.0_251\bin\msvcr100.dll
0x0000000050360000 - 0x0000000050c0b000 	C:\Program Files\Java\jre1.8.0_251\bin\server\jvm.dll
0x00007ffee46d0000 - 0x00007ffee46d8000 	C:\Windows\System32\PSAPI.DLL
0x00007ffede330000 - 0x00007ffede339000 	C:\Windows\SYSTEM32\WSOCK32.dll
0x00007ffee15f0000 - 0x00007ffee1613000 	C:\Windows\SYSTEM32\WINMM.dll
0x00007ffee41c0000 - 0x00007ffee422a000 	C:\Windows\System32\WS2_32.dll
0x00007ffede740000 - 0x00007ffede74a000 	C:\Windows\SYSTEM32\VERSION.dll
0x00000000028c0000 - 0x00000000028eb000 	C:\Windows\SYSTEM32\WINMMBASE.dll
0x00007ffee3c50000 - 0x00007ffee3c92000 	C:\Windows\System32\cfgmgr32.dll
0x00007ffee1680000 - 0x00007ffee168f000 	C:\Program Files\Java\jre1.8.0_251\bin\verify.dll
0x00007ffeda140000 - 0x00007ffeda169000 	C:\Program Files\Java\jre1.8.0_251\bin\java.dll
0x00007ffedf010000 - 0x00007ffedf026000 	C:\Program Files\Java\jre1.8.0_251\bin\zip.dll
0x00007ffee4ca0000 - 0x00007ffee61a8000 	C:\Windows\System32\SHELL32.dll
0x00007ffee34c0000 - 0x00007ffee3b9a000 	C:\Windows\System32\windows.storage.dll
0x00007ffee30d0000 - 0x00007ffee311c000 	C:\Windows\System32\powrprof.dll
0x00007ffee4140000 - 0x00007ffee4192000 	C:\Windows\System32\shlwapi.dll
0x00007ffee30c0000 - 0x00007ffee30cf000 	C:\Windows\System32\kernel.appcore.dll
0x00007ffee4090000 - 0x00007ffee4139000 	C:\Windows\System32\shcore.dll
0x00007ffee3120000 - 0x00007ffee3134000 	C:\Windows\System32\profapi.dll
0x00007ffec5c00000 - 0x00007ffec5d9a000 	C:\Program Files\Java\jre1.8.0_251\bin\awt.dll
0x00007ffee63c0000 - 0x00007ffee647c000 	C:\Windows\System32\OLEAUT32.dll
0x00007ffee1510000 - 0x00007ffee158a000 	C:\Windows\SYSTEM32\apphelp.dll
0x00007ffee1840000 - 0x00007ffee18d5000 	C:\Windows\system32\uxtheme.dll
0x00007ffee46e0000 - 0x00007ffee483b000 	C:\Windows\System32\MSCTF.dll
0x0000000051010000 - 0x0000000051016000 	C:\Program Files\ESET\ESET NOD32 Antivirus\eplgHooks.dll
0x00007ffee1450000 - 0x00007ffee1476000 	C:\Windows\system32\dwmapi.dll
0x00007ffee6490000 - 0x00007ffee65c7000 	C:\Windows\System32\ole32.dll
0x00007ffec6fd0000 - 0x00007ffec70f3000 	C:\Windows\system32\opengl32.dll
0x00007ffec8030000 - 0x00007ffec8127000 	C:\Windows\SYSTEM32\DDRAW.dll
0x00007ffedefd0000 - 0x00007ffedeffd000 	C:\Windows\SYSTEM32\GLU32.dll
0x00007ffedac70000 - 0x00007ffedac78000 	C:\Windows\SYSTEM32\DCIMAN32.dll
0x00007ffec5740000 - 0x00007ffec58cd000 	C:\Windows\system32\d3d9.dll
0x00007ffede750000 - 0x00007ffede8e6000 	C:\Windows\SYSTEM32\aticfx64.dll
0x00007ffed7050000 - 0x00007ffed7082000 	C:\Windows\SYSTEM32\atiu9p64.dll
0x00007ffebd9e0000 - 0x00007ffebe316000 	C:\Windows\SYSTEM32\atiumd64.dll
0x00000000771d0000 - 0x0000000077ff7000 	C:\Windows\SYSTEM32\atiumd6a.dll
0x00007ffed9760000 - 0x00007ffed97a9000 	C:\Program Files\Java\jre1.8.0_251\bin\fontmanager.dll
0x00007ffedaa10000 - 0x00007ffedaa2a000 	C:\Program Files\Java\jre1.8.0_251\bin\net.dll
0x00007ffee29e0000 - 0x00007ffee2a3c000 	C:\Windows\system32\mswsock.dll
0x00007ffed9de0000 - 0x00007ffed9df2000 	C:\Program Files\Java\jre1.8.0_251\bin\nio.dll
0x00007ffec7650000 - 0x00007ffec7692000 	C:\Program Files\Java\jre1.8.0_251\bin\t2k.dll
0x00007ffee6320000 - 0x00007ffee63bf000 	C:\Windows\System32\clbcatq.dll
0x00007ffee0760000 - 0x00007ffee0908000 	C:\Windows\SYSTEM32\WindowsCodecs.dll
0x00007ffed8c20000 - 0x00007ffed8c69000 	C:\Windows\system32\dataexchange.dll
0x00007ffee0df0000 - 0x00007ffee0f41000 	C:\Windows\system32\dcomp.dll
0x00007ffedf120000 - 0x00007ffedf3d6000 	C:\Windows\system32\d3d11.dll
0x00007ffee2040000 - 0x00007ffee20df000 	C:\Windows\system32\dxgi.dll
0x00007ffee1ba0000 - 0x00007ffee1cbc000 	C:\Windows\system32\twinapi.appcore.dll
0x00007ffee2ff0000 - 0x00007ffee301b000 	C:\Windows\system32\bcrypt.dll

VM Arguments:
jvm_args: -Dfile.encoding=Cp1252 
java_command: run.Main
java_class_path (initial): D:\Proyectos\Postaaaaa\El-Posta\proyecto el posta\bin;D:\Proyectos\Postaaaaa\El-Posta\proyecto el posta\lib\jcalendar-1.4.jar;D:\Proyectos\Postaaaaa\El-Posta\proyecto el posta\lib\flatlaf-2.6.jar
Launcher Type: SUN_STANDARD

Environment Variables:
PATH=C:/Program Files/Java/jre1.8.0_251/bin/server;C:/Program Files/Java/jre1.8.0_251/bin;C:/Program Files/Java/jre1.8.0_251/lib/amd64;C:\Program Files (x86)\Common Files\Oracle\Java\javapath;C:\Program Files\Java\jdk-14.0.1\bin;C:\Windows\system32;C:\Windows;C:\Windows\System32\Wbem;C:\Windows\System32\WindowsPowerShell\v1.0\;C:\Program Files\Microsoft\Web Platform Installer\;C:\Program Files (x86)\Microsoft ASP.NET\ASP.NET Web Pages\v1.0\;C:\Program Files (x86)\Windows Kits\8.0\Windows Performance Toolkit\;C:\Program Files\Microsoft SQL Server\110\Tools\Binn\;C:\Program Files\dotnet\;C:\Program Files\Java\jdk-14.0.1\bin;C:\Users\Alfred\.dotnet\tools;C:\Users\Alfred\AppData\Local\Programs\Microsoft VS Code\bin;D:\Primer Año Informatica\2do semestre\DPOO\DPOO\Entorno de desarrollo\Eclipse\eclipse;
USERNAME=Alfred
OS=Windows_NT
PROCESSOR_IDENTIFIER=AMD64 Family 22 Model 48 Stepping 1, AuthenticAMD



---------------  S Y S T E M  ---------------

OS: Windows 10.0 , 64 bit Build 14393 (10.0.14393.0)

CPU:total 4 (initial active 4) (4 cores per cpu, 1 threads per core) family 22 model 48 stepping 1, cmov, cx8, fxsr, mmx, sse, sse2, sse3, ssse3, sse4.1, sse4.2, popcnt, avx, aes, clmul, mmxext, 3dnowpref, lzcnt, sse4a, tsc, tscinvbit, tscinv, bmi1

Memory: 4k page, physical 3626360k(600756k free), swap 11545332k(4184k free)

vm_info: Java HotSpot(TM) 64-Bit Server VM (25.251-b08) for windows-amd64 JRE (1.8.0_251-b08), built on Mar 12 2020 06:31:49 by "" with MS VC++ 10.0 (VS2010)

time: Sun Nov 27 11:13:35 2022
timezone: Hora estándar de Cuba
elapsed time: 3 seconds (0d 0h 0m 3s)

