#
# There is insufficient memory for the Java Runtime Environment to continue.
# Native memory allocation (malloc) failed to allocate 257616 bytes for Chunk::new
# Possible reasons:
#   The system is out of physical RAM or swap space
#   The process is running with CompressedOops enabled, and the Java Heap may be blocking the growth of the native heap
# Possible solutions:
#   Reduce memory load on the system
#   Increase physical memory or swap space
#   Check if swap backing store is full
#   Decrease Java heap size (-Xmx/-Xms)
#   Decrease number of Java threads
#   Decrease Java thread stack sizes (-Xss)
#   Set larger code cache with -XX:ReservedCodeCacheSize=
#   JVM is running with Unscaled Compressed Oops mode in which the Java heap is
#     placed in the first 4GB address space. The Java Heap base address is the
#     maximum limit for the native heap growth. Please use -XX:HeapBaseMinAddress
#     to set the Java Heap base and to place the Java Heap above 4GB virtual address.
# This output file may be truncated or incomplete.
#
#  Out of Memory Error (allocation.cpp:389), pid=12192, tid=0x0000000000002860
#
# JRE version: Java(TM) SE Runtime Environment (8.0_251-b08) (build 1.8.0_251-b08)
# Java VM: Java HotSpot(TM) 64-Bit Server VM (25.251-b08 mixed mode windows-amd64 compressed oops)
# Failed to write core dump. Minidumps are not enabled by default on client versions of Windows
#

---------------  T H R E A D  ---------------

Current thread (0x0000000014854800):  JavaThread "C2 CompilerThread1" daemon [_thread_in_native, id=10336, stack(0x0000000015fc0000,0x00000000160c0000)]

Stack: [0x0000000015fc0000,0x00000000160c0000]
[error occurred during error reporting (printing stack bounds), id 0xc0000005]

Native frames: (J=compiled Java code, j=interpreted, Vv=VM code, C=native code)


Current CompileTask:
C2:    902  362       4       sun.awt.image.PNGImageDecoder::filterRow (459 bytes)


---------------  P R O C E S S  ---------------

Java Threads: ( => current thread )
  0x000000001743e800 JavaThread "Image Fetcher 0" daemon [_thread_in_vm, id=6824, stack(0x0000000017df0000,0x0000000017ef0000)]
  0x000000000237e000 JavaThread "DestroyJavaVM" [_thread_blocked, id=6784, stack(0x0000000002490000,0x0000000002590000)]
  0x000000001654e800 JavaThread "AWT-EventQueue-0" [_thread_blocked, id=7320, stack(0x0000000016cd0000,0x0000000016dd0000)]
  0x0000000016544800 JavaThread "AWT-Windows" daemon [_thread_in_native, id=640, stack(0x0000000016b10000,0x0000000016c10000)]
  0x0000000016542000 JavaThread "AWT-Shutdown" [_thread_blocked, id=2560, stack(0x0000000016a10000,0x0000000016b10000)]
  0x0000000016540000 JavaThread "Java2D Disposer" daemon [_thread_blocked, id=1092, stack(0x0000000016910000,0x0000000016a10000)]
  0x00000000148ac800 JavaThread "Service Thread" daemon [_thread_blocked, id=10540, stack(0x00000000165c0000,0x00000000166c0000)]
  0x0000000014863800 JavaThread "C1 CompilerThread2" daemon [_thread_in_native, id=7252, stack(0x00000000160c0000,0x00000000161c0000)]
=>0x0000000014854800 JavaThread "C2 CompilerThread1" daemon [_thread_in_native, id=10336, stack(0x0000000015fc0000,0x00000000160c0000)]
  0x000000001484b800 JavaThread "C2 CompilerThread0" daemon [_thread_blocked, id=10832, stack(0x0000000015ec0000,0x0000000015fc0000)]
  0x0000000014857000 JavaThread "Attach Listener" daemon [_thread_blocked, id=12040, stack(0x0000000015dc0000,0x0000000015ec0000)]
  0x0000000014855800 JavaThread "Signal Dispatcher" daemon [_thread_blocked, id=6336, stack(0x0000000015cc0000,0x0000000015dc0000)]
  0x000000000268c800 JavaThread "Finalizer" daemon [_thread_blocked, id=12256, stack(0x0000000015ab0000,0x0000000015bb0000)]
  0x0000000002681800 JavaThread "Reference Handler" daemon [_thread_blocked, id=11992, stack(0x00000000159b0000,0x0000000015ab0000)]

Other Threads:
  0x0000000014819800 VMThread [stack: 0x00000000158b0000,0x00000000159b0000] [id=1040]
  0x00000000148ae000 WatcherThread [stack: 0x00000000166c0000,0x00000000167c0000] [id=12220]

VM state:not at safepoint (normal execution)

VM Mutex/Monitor currently owned by a thread: None

heap address: 0x00000000c8a00000, size: 886 MB, Compressed Oops mode: 32-bit
Narrow klass base: 0x0000000000000000, Narrow klass shift: 3
Compressed class space size: 1073741824 Address: 0x0000000100000000

Heap:
 PSYoungGen      total 16896K, used 5680K [0x00000000ed900000, 0x00000000eeb80000, 0x0000000100000000)
  eden space 14848K, 38% used [0x00000000ed900000,0x00000000ede8c198,0x00000000ee780000)
  from space 2048K, 0% used [0x00000000ee980000,0x00000000ee980000,0x00000000eeb80000)
  to   space 2048K, 0% used [0x00000000ee780000,0x00000000ee780000,0x00000000ee980000)
 ParOldGen       total 38400K, used 0K [0x00000000c8a00000, 0x00000000caf80000, 0x00000000ed900000)
  object space 38400K, 0% used [0x00000000c8a00000,0x00000000c8a00000,0x00000000caf80000)
 Metaspace       used 8305K, capacity 8504K, committed 8832K, reserved 1058816K
  class space    used 996K, capacity 1064K, committed 1152K, reserved 1048576K

Card table byte_map: [0x0000000011a50000,0x0000000011c10000] byte_map_base: 0x000000001140b000

Marking Bits: (ParMarkBitMap*) 0x0000000050b8af90
 Begin Bits: [0x0000000012140000, 0x0000000012f18000)
 End Bits:   [0x0000000012f18000, 0x0000000013cf0000)

Polling page: 0x00000000022f0000

CodeCache: size=245760Kb used=1897Kb max_used=1909Kb free=243862Kb
 bounds [0x0000000002690000, 0x0000000002900000, 0x0000000011690000]
 total_blobs=750 nmethods=361 adapters=303
 compilation: enabled

Compilation events (10 events):
Event: 0.874 Thread 0x000000001484b800  358 %     4       sun.awt.image.PNGImageDecoder::filterRow @ 47 (459 bytes)
Event: 0.878 Thread 0x0000000014863800  359   !   3       sun.awt.image.ImageDecoder::nextConsumer (69 bytes)
Event: 0.879 Thread 0x0000000014863800 nmethod 359 0x0000000002869650 code [0x00000000028697e0, 0x0000000002869d10]
Event: 0.879 Thread 0x0000000014863800  360       1       sun.awt.image.ImageWatched$Link::newInfo (2 bytes)
Event: 0.879 Thread 0x0000000014863800 nmethod 360 0x0000000002869ed0 code [0x000000000286a020, 0x000000000286a130]
Event: 0.879 Thread 0x0000000014863800  361       1       sun.awt.image.ImageWatched$AccWeakReference::access$000 (5 bytes)
Event: 0.879 Thread 0x0000000014863800 nmethod 361 0x000000000286a190 code [0x000000000286a2e0, 0x000000000286a3d0]
Event: 0.880 Thread 0x000000001484b800 nmethod 358% 0x000000000286d290 code [0x000000000286d3e0, 0x000000000286d638]
Event: 0.880 Thread 0x0000000014854800  362       4       sun.awt.image.PNGImageDecoder::filterRow (459 bytes)
Event: 0.890 Thread 0x0000000014863800  363 % !   3       sun.awt.image.PNGImageDecoder::produceImage @ 960 (1916 bytes)

GC Heap History (0 events):
No events

Deoptimization events (0 events):
No events

Classes redefined (0 events):
No events

Internal exceptions (10 events):
Event: 0.068 Thread 0x000000000237e000 Exception <a 'java/lang/NoSuchMethodError': Method sun.misc.Unsafe.defineClass(Ljava/lang/String;[BII)Ljava/lang/Class; name or signature does not match> (0x00000000ed907cc0) thrown at [C:\jenkins\workspace\8-2-build-windows-amd64-cygwin\jdk8u251\737\hots
Event: 0.068 Thread 0x000000000237e000 Exception <a 'java/lang/NoSuchMethodError': Method sun.misc.Unsafe.prefetchRead(Ljava/lang/Object;J)V name or signature does not match> (0x00000000ed907fa8) thrown at [C:\jenkins\workspace\8-2-build-windows-amd64-cygwin\jdk8u251\737\hotspot\src\share\vm\p
Event: 0.253 Thread 0x000000000237e000 Exception <a 'java/security/PrivilegedActionException'> (0x00000000ed97ddc0) thrown at [C:\jenkins\workspace\8-2-build-windows-amd64-cygwin\jdk8u251\737\hotspot\src\share\vm\prims\jvm.cpp, line 1502]
Event: 0.253 Thread 0x000000000237e000 Exception <a 'java/security/PrivilegedActionException'> (0x00000000ed97dfd0) thrown at [C:\jenkins\workspace\8-2-build-windows-amd64-cygwin\jdk8u251\737\hotspot\src\share\vm\prims\jvm.cpp, line 1502]
Event: 0.256 Thread 0x000000000237e000 Exception <a 'java/security/PrivilegedActionException'> (0x00000000ed981c40) thrown at [C:\jenkins\workspace\8-2-build-windows-amd64-cygwin\jdk8u251\737\hotspot\src\share\vm\prims\jvm.cpp, line 1502]
Event: 0.257 Thread 0x000000000237e000 Exception <a 'java/security/PrivilegedActionException'> (0x00000000ed981e50) thrown at [C:\jenkins\workspace\8-2-build-windows-amd64-cygwin\jdk8u251\737\hotspot\src\share\vm\prims\jvm.cpp, line 1502]
Event: 0.288 Thread 0x000000000237e000 Exception <a 'java/io/FileNotFoundException'> (0x00000000ed98ea70) thrown at [C:\jenkins\workspace\8-2-build-windows-amd64-cygwin\jdk8u251\737\hotspot\src\share\vm\prims\jni.cpp, line 710]
Event: 0.402 Thread 0x000000000237e000 Exception <a 'java/lang/NoSuchFieldError': method resolution failed> (0x00000000edaa9bc8) thrown at [C:\jenkins\workspace\8-2-build-windows-amd64-cygwin\jdk8u251\737\hotspot\src\share\vm\prims\methodHandles.cpp, line 1167]
Event: 0.410 Thread 0x000000000237e000 Exception <a 'java/lang/NoSuchFieldError': method resolution failed> (0x00000000edab6f98) thrown at [C:\jenkins\workspace\8-2-build-windows-amd64-cygwin\jdk8u251\737\hotspot\src\share\vm\prims\methodHandles.cpp, line 1167]
Event: 0.590 Thread 0x000000001654e800 Exception <a 'java/io/FileNotFoundException'> (0x00000000edbb4780) thrown at [C:\jenkins\workspace\8-2-build-windows-amd64-cygwin\jdk8u251\737\hotspot\src\share\vm\prims\jni.cpp, line 710]

Events (10 events):
Event: 0.892 Thread 0x000000001743e800 DEOPT PACKING pc=0x00000000028685ae sp=0x0000000017eef060
Event: 0.892 Thread 0x000000001743e800 DEOPT UNPACKING pc=0x00000000026d7490 sp=0x0000000017eeed88 mode 0
Event: 0.893 Thread 0x000000001743e800 DEOPT PACKING pc=0x00000000028685ae sp=0x0000000017eef060
Event: 0.893 Thread 0x000000001743e800 DEOPT UNPACKING pc=0x00000000026d7490 sp=0x0000000017eeed88 mode 0
Event: 0.894 Thread 0x000000001743e800 DEOPT PACKING pc=0x00000000028685ae sp=0x0000000017eef060
Event: 0.894 Thread 0x000000001743e800 DEOPT UNPACKING pc=0x00000000026d7490 sp=0x0000000017eeed88 mode 0
Event: 0.894 Thread 0x000000001743e800 DEOPT PACKING pc=0x00000000028685ae sp=0x0000000017eef060
Event: 0.894 Thread 0x000000001743e800 DEOPT UNPACKING pc=0x00000000026d7490 sp=0x0000000017eeed88 mode 0
Event: 0.896 Thread 0x000000001743e800 DEOPT PACKING pc=0x00000000028685ae sp=0x0000000017eef060
Event: 0.896 Thread 0x000000001743e800 DEOPT UNPACKING pc=0x00000000026d7490 sp=0x0000000017eeed88 mode 0


Dynamic libraries:
0x00007ff648930000 - 0x00007ff648967000 	C:\Program Files\Java\jre1.8.0_251\bin\javaw.exe
0x00007ffee6bb0000 - 0x00007ffee6d81000 	C:\Windows\SYSTEM32\ntdll.dll
0x00007ffee67b0000 - 0x00007ffee685b000 	C:\Windows\System32\KERNEL32.DLL
0x00007ffee3e10000 - 0x00007ffee402d000 	C:\Windows\System32\KERNELBASE.dll
0x00007ffee6860000 - 0x00007ffee6902000 	C:\Windows\System32\ADVAPI32.dll
0x00007ffee6970000 - 0x00007ffee6a0e000 	C:\Windows\System32\msvcrt.dll
0x00007ffee6910000 - 0x00007ffee6969000 	C:\Windows\System32\sechost.dll
0x00007ffee48a0000 - 0x00007ffee49c1000 	C:\Windows\System32\RPCRT4.dll
0x00007ffee61b0000 - 0x00007ffee6315000 	C:\Windows\System32\USER32.dll
0x00007ffee3140000 - 0x00007ffee315e000 	C:\Windows\System32\win32u.dll
0x00007ffee65d0000 - 0x00007ffee6604000 	C:\Windows\System32\GDI32.dll
0x00007ffee3160000 - 0x00007ffee32e2000 	C:\Windows\System32\gdi32full.dll
0x00007ffed60f0000 - 0x00007ffed6369000 	C:\Windows\WinSxS\amd64_microsoft.windows.common-controls_6595b64144ccf1df_6.0.14393.0_none_2d0f50fcbdb171b8\COMCTL32.dll
0x00007ffee49d0000 - 0x00007ffee4c97000 	C:\Windows\System32\combase.dll
0x00007ffee3ca0000 - 0x00007ffee3d95000 	C:\Windows\System32\ucrtbase.dll
0x00007ffee3da0000 - 0x00007ffee3e0a000 	C:\Windows\System32\bcryptPrimitives.dll
0x00007ffee6720000 - 0x00007ffee674e000 	C:\Windows\System32\IMM32.DLL
0x0000000050280000 - 0x0000000050352000 	C:\Program Files\Java\jre1.8.0_251\bin\msvcr100.dll
0x0000000050360000 - 0x0000000050c0b000 	C:\Program Files\Java\jre1.8.0_251\bin\server\jvm.dll
0x00007ffee46d0000 - 0x00007ffee46d8000 	C:\Windows\System32\PSAPI.DLL
0x00007ffede330000 - 0x00007ffede339000 	C:\Windows\SYSTEM32\WSOCK32.dll
0x00007ffee15f0000 - 0x00007ffee1613000 	C:\Windows\SYSTEM32\WINMM.dll
0x00007ffede740000 - 0x00007ffede74a000 	C:\Windows\SYSTEM32\VERSION.dll
0x00007ffee1590000 - 0x00007ffee15bb000 	C:\Windows\SYSTEM32\WINMMBASE.dll
0x00007ffee41c0000 - 0x00007ffee422a000 	C:\Windows\System32\WS2_32.dll
0x00007ffee3c50000 - 0x00007ffee3c92000 	C:\Windows\System32\cfgmgr32.dll
0x00007ffee1680000 - 0x00007ffee168f000 	C:\Program Files\Java\jre1.8.0_251\bin\verify.dll
0x00007ffeda140000 - 0x00007ffeda169000 	C:\Program Files\Java\jre1.8.0_251\bin\java.dll
0x00007ffedf010000 - 0x00007ffedf026000 	C:\Program Files\Java\jre1.8.0_251\bin\zip.dll
0x00007ffee4ca0000 - 0x00007ffee61a8000 	C:\Windows\System32\SHELL32.dll
0x00007ffee34c0000 - 0x00007ffee3b9a000 	C:\Windows\System32\windows.storage.dll
0x00007ffee30d0000 - 0x00007ffee311c000 	C:\Windows\System32\powrprof.dll
0x00007ffee4140000 - 0x00007ffee4192000 	C:\Windows\System32\shlwapi.dll
0x00007ffee30c0000 - 0x00007ffee30cf000 	C:\Windows\System32\kernel.appcore.dll
0x00007ffee4090000 - 0x00007ffee4139000 	C:\Windows\System32\shcore.dll
0x00007ffee3120000 - 0x00007ffee3134000 	C:\Windows\System32\profapi.dll
0x00007ffec5c00000 - 0x00007ffec5d9a000 	C:\Program Files\Java\jre1.8.0_251\bin\awt.dll
0x00007ffee63c0000 - 0x00007ffee647c000 	C:\Windows\System32\OLEAUT32.dll
0x00007ffee1510000 - 0x00007ffee158a000 	C:\Windows\SYSTEM32\apphelp.dll
0x00007ffee1840000 - 0x00007ffee18d5000 	C:\Windows\system32\uxtheme.dll
0x00007ffee46e0000 - 0x00007ffee483b000 	C:\Windows\System32\MSCTF.dll
0x0000000051010000 - 0x0000000051016000 	C:\Program Files\ESET\ESET NOD32 Antivirus\eplgHooks.dll
0x00007ffee1450000 - 0x00007ffee1476000 	C:\Windows\system32\dwmapi.dll
0x00007ffee6490000 - 0x00007ffee65c7000 	C:\Windows\System32\ole32.dll
0x00007ffec6fd0000 - 0x00007ffec70f3000 	C:\Windows\system32\opengl32.dll
0x00007ffedefd0000 - 0x00007ffedeffd000 	C:\Windows\SYSTEM32\GLU32.dll
0x00007ffec8030000 - 0x00007ffec8127000 	C:\Windows\SYSTEM32\DDRAW.dll
0x00007ffedac70000 - 0x00007ffedac78000 	C:\Windows\SYSTEM32\DCIMAN32.dll
0x00007ffec5740000 - 0x00007ffec58cd000 	C:\Windows\system32\d3d9.dll
0x00007ffede750000 - 0x00007ffede8e6000 	C:\Windows\SYSTEM32\aticfx64.dll
0x00007ffed7050000 - 0x00007ffed7082000 	C:\Windows\SYSTEM32\atiu9p64.dll
0x00007ffebd9e0000 - 0x00007ffebe316000 	C:\Windows\SYSTEM32\atiumd64.dll

VM Arguments:
jvm_args: -Dfile.encoding=Cp1252 
java_command: run.Main
java_class_path (initial): D:\Proyectos\Postaaaaa\El-Posta\proyecto el posta\bin;D:\Proyectos\Postaaaaa\El-Posta\proyecto el posta\lib\jcalendar-1.4.jar;D:\Proyectos\Postaaaaa\El-Posta\proyecto el posta\lib\flatlaf-2.6.jar
Launcher Type: SUN_STANDARD

Environment Variables:
PATH=C:/Program Files/Java/jre1.8.0_251/bin/server;C:/Program Files/Java/jre1.8.0_251/bin;C:/Program Files/Java/jre1.8.0_251/lib/amd64;C:\Program Files (x86)\Common Files\Oracle\Java\javapath;C:\Program Files\Java\jdk-14.0.1\bin;C:\Windows\system32;C:\Windows;C:\Windows\System32\Wbem;C:\Windows\System32\WindowsPowerShell\v1.0\;C:\Program Files\Microsoft\Web Platform Installer\;C:\Program Files (x86)\Microsoft ASP.NET\ASP.NET Web Pages\v1.0\;C:\Program Files (x86)\Windows Kits\8.0\Windows Performance Toolkit\;C:\Program Files\Microsoft SQL Server\110\Tools\Binn\;C:\Program Files\dotnet\;C:\Program Files\Java\jdk-14.0.1\bin;C:\Users\Alfred\.dotnet\tools;C:\Users\Alfred\AppData\Local\Programs\Microsoft VS Code\bin;D:\Primer Año Informatica\2do semestre\DPOO\DPOO\Entorno de desarrollo\Eclipse\eclipse;
USERNAME=Alfred
OS=Windows_NT
PROCESSOR_IDENTIFIER=AMD64 Family 22 Model 48 Stepping 1, AuthenticAMD



---------------  S Y S T E M  ---------------

OS: Windows 10.0 , 64 bit Build 14393 (10.0.14393.0)

CPU:total 4 (initial active 4) (4 cores per cpu, 1 threads per core) family 22 model 48 stepping 1, cmov, cx8, fxsr, mmx, sse, sse2, sse3, ssse3, sse4.1, sse4.2, popcnt, avx, aes, clmul, mmxext, 3dnowpref, lzcnt, sse4a, tsc, tscinvbit, tscinv, bmi1

Memory: 4k page, physical 3626360k(593800k free), swap 12666224k(3196k free)

vm_info: Java HotSpot(TM) 64-Bit Server VM (25.251-b08) for windows-amd64 JRE (1.8.0_251-b08), built on Mar 12 2020 06:31:49 by "" with MS VC++ 10.0 (VS2010)

time: Sun Nov 27 12:23:59 2022
timezone: Hora estándar de Cuba
elapsed time: 0 seconds (0d 0h 0m 0s)

